{
  "stats": {
    "suites": 6,
    "tests": 6,
    "passes": 6,
    "pending": 0,
    "failures": 0,
    "testsRegistered": 6,
    "passPercent": 100,
    "pendingPercent": 0,
    "other": 0,
    "hasOther": false,
    "skipped": 0,
    "hasSkipped": false,
    "start": "2024-12-19T04:00:11.283Z",
    "end": "2024-12-19T04:00:46.807Z",
    "duration": 35524
  },
  "results": [
    {
      "uuid": "4d80e45a-7f85-42c2-9b16-766fca638873",
      "title": "",
      "fullFile": "cypress/e2e/alert-confirm-box.js",
      "file": "cypress/e2e/alert-confirm-box.js",
      "beforeHooks": [],
      "afterHooks": [],
      "tests": [],
      "suites": [
        {
          "uuid": "f78bb43f-7d82-4aa8-a08d-5ab1939045af",
          "title": "Testing allert - confirm box",
          "fullFile": "",
          "file": "",
          "beforeHooks": [],
          "afterHooks": [],
          "tests": [
            {
              "title": "Alert - Confirm box",
              "fullTitle": "Testing allert - confirm box Alert - Confirm box",
              "timedOut": null,
              "duration": 5921,
              "state": "passed",
              "speed": "medium",
              "pass": true,
              "fail": false,
              "pending": false,
              "context": null,
              "code": "cy.visit(\"/alerts\");\ncy.get(\"#confirmButton\").click();\ncy.on(\"window:alert\", str => {\n  return true;\n});\ncy.get(\"#confirmResult\").should(\"include.text\", \"You selected Ok\");",
              "err": {},
              "uuid": "b80b4fd1-531d-4d85-9712-0fefaaf89cbc",
              "parentUUID": "f78bb43f-7d82-4aa8-a08d-5ab1939045af",
              "isHook": false,
              "skipped": false
            }
          ],
          "suites": [],
          "passes": [
            "b80b4fd1-531d-4d85-9712-0fefaaf89cbc"
          ],
          "failures": [],
          "pending": [],
          "skipped": [],
          "duration": 5921,
          "root": false,
          "rootEmpty": false,
          "_timeout": 2000
        }
      ],
      "passes": [],
      "failures": [],
      "pending": [],
      "skipped": [],
      "duration": 0,
      "root": true,
      "rootEmpty": true,
      "_timeout": 2000
    },
    {
      "uuid": "9707dfb1-3fdf-4e85-be69-75a1851ae11c",
      "title": "",
      "fullFile": "cypress/e2e/change-slider-value.js",
      "file": "cypress/e2e/change-slider-value.js",
      "beforeHooks": [],
      "afterHooks": [],
      "tests": [],
      "suites": [
        {
          "uuid": "b9e0690b-c4b4-4dac-9e66-b7aa406e8dff",
          "title": "Testing slider value changed",
          "fullFile": "",
          "file": "",
          "beforeHooks": [],
          "afterHooks": [],
          "tests": [
            {
              "title": "Slider value",
              "fullTitle": "Testing slider value changed Slider value",
              "timedOut": null,
              "duration": 3459,
              "state": "passed",
              "speed": "fast",
              "pass": true,
              "fail": false,
              "pending": false,
              "context": null,
              "code": "cy.visit(\"/slider\");\ncy.get('input[type=\"range\"]').then($el => $el[0].stepUp(40)).trigger(\"change\");\ncy.get(\"#sliderValue\").should(\"have.value\", 65);",
              "err": {},
              "uuid": "843d4b29-037e-418d-84f0-083d60d6a257",
              "parentUUID": "b9e0690b-c4b4-4dac-9e66-b7aa406e8dff",
              "isHook": false,
              "skipped": false
            }
          ],
          "suites": [],
          "passes": [
            "843d4b29-037e-418d-84f0-083d60d6a257"
          ],
          "failures": [],
          "pending": [],
          "skipped": [],
          "duration": 3459,
          "root": false,
          "rootEmpty": false,
          "_timeout": 2000
        }
      ],
      "passes": [],
      "failures": [],
      "pending": [],
      "skipped": [],
      "duration": 0,
      "root": true,
      "rootEmpty": true,
      "_timeout": 2000
    },
    {
      "uuid": "bc1ba282-22b3-4367-9244-e823badcd9a4",
      "title": "",
      "fullFile": "cypress/e2e/check-box.js",
      "file": "cypress/e2e/check-box.js",
      "beforeHooks": [],
      "afterHooks": [],
      "tests": [],
      "suites": [
        {
          "uuid": "1a630b84-4bf3-4fe0-9fc0-15f196f7f3ca",
          "title": "Testing Check Box",
          "fullFile": "",
          "file": "",
          "beforeHooks": [],
          "afterHooks": [],
          "tests": [
            {
              "title": "Check Box ",
              "fullTitle": "Testing Check Box Check Box ",
              "timedOut": null,
              "duration": 4654,
              "state": "passed",
              "speed": "fast",
              "pass": true,
              "fail": false,
              "pending": false,
              "context": null,
              "code": "cy.visit(\"/checkbox\");\ncy.get('[title=\"Expand all\"]').click();\ncy.get('input[type=\"checkbox\"]').eq(11).check({\n  force: true\n}).should(\"be.checked\");",
              "err": {},
              "uuid": "c0e8a76f-21ff-44e3-986c-55cb2b3bc2b1",
              "parentUUID": "1a630b84-4bf3-4fe0-9fc0-15f196f7f3ca",
              "isHook": false,
              "skipped": false
            }
          ],
          "suites": [],
          "passes": [
            "c0e8a76f-21ff-44e3-986c-55cb2b3bc2b1"
          ],
          "failures": [],
          "pending": [],
          "skipped": [],
          "duration": 4654,
          "root": false,
          "rootEmpty": false,
          "_timeout": 2000
        }
      ],
      "passes": [],
      "failures": [],
      "pending": [],
      "skipped": [],
      "duration": 0,
      "root": true,
      "rootEmpty": true,
      "_timeout": 2000
    },
    {
      "uuid": "31f0d300-cf03-4706-b9f3-a0f0c569fe88",
      "title": "",
      "fullFile": "cypress/e2e/radio-button.js",
      "file": "cypress/e2e/radio-button.js",
      "beforeHooks": [],
      "afterHooks": [],
      "tests": [],
      "suites": [
        {
          "uuid": "d741109f-301c-4bdb-b07e-fac0696b633f",
          "title": "Testing Radio button",
          "fullFile": "",
          "file": "",
          "beforeHooks": [],
          "afterHooks": [],
          "tests": [
            {
              "title": "Radio button",
              "fullTitle": "Testing Radio button Radio button",
              "timedOut": null,
              "duration": 3789,
              "state": "passed",
              "speed": "fast",
              "pass": true,
              "fail": false,
              "pending": false,
              "context": null,
              "code": "cy.visit(\"/radio-button\");\ncy.get('input[type=\"radio\"]').eq(1).check({\n  force: true\n}).should(\"be.checked\");",
              "err": {},
              "uuid": "27560027-41cd-40e6-b43a-71575ad4f9ca",
              "parentUUID": "d741109f-301c-4bdb-b07e-fac0696b633f",
              "isHook": false,
              "skipped": false
            }
          ],
          "suites": [],
          "passes": [
            "27560027-41cd-40e6-b43a-71575ad4f9ca"
          ],
          "failures": [],
          "pending": [],
          "skipped": [],
          "duration": 3789,
          "root": false,
          "rootEmpty": false,
          "_timeout": 2000
        }
      ],
      "passes": [],
      "failures": [],
      "pending": [],
      "skipped": [],
      "duration": 0,
      "root": true,
      "rootEmpty": true,
      "_timeout": 2000
    },
    {
      "uuid": "b41230ac-5ae0-4cb9-b006-55cd8ca64770",
      "title": "",
      "fullFile": "cypress/e2e/text-fields.js",
      "file": "cypress/e2e/text-fields.js",
      "beforeHooks": [],
      "afterHooks": [],
      "tests": [],
      "suites": [
        {
          "uuid": "e8775047-fd8a-4da3-ad16-4817a8bf7103",
          "title": "Testing Check Box",
          "fullFile": "",
          "file": "",
          "beforeHooks": [],
          "afterHooks": [],
          "tests": [
            {
              "title": "Text Fields",
              "fullTitle": "Testing Check Box Text Fields",
              "timedOut": null,
              "duration": 6394,
              "state": "passed",
              "speed": "medium",
              "pass": true,
              "fail": false,
              "pending": false,
              "context": null,
              "code": "cy.visit(\"/text-box\");\ncy.insertData('Filip Aleksoski', 'filip.aleksoski@gmail.com', 'Volgogradska 1/15', 'Str. Pitu Guli N.50');\ncy.get(\".border\").should(\"include.text\", \"Name:Filip Aleksoski\");\ncy.get(\".border\").should(\"include.text\", \"Email:filip.aleksoski@gmail.com\");\ncy.get(\".border\").should(\"include.text\", \"Volgogradska 1/15\");\ncy.get(\".border\").should(\"include.text\", \"Str. Pitu Guli N.50\");",
              "err": {},
              "uuid": "22f161a1-60a5-48bb-b77d-d74f09c10543",
              "parentUUID": "e8775047-fd8a-4da3-ad16-4817a8bf7103",
              "isHook": false,
              "skipped": false
            }
          ],
          "suites": [],
          "passes": [
            "22f161a1-60a5-48bb-b77d-d74f09c10543"
          ],
          "failures": [],
          "pending": [],
          "skipped": [],
          "duration": 6394,
          "root": false,
          "rootEmpty": false,
          "_timeout": 2000
        }
      ],
      "passes": [],
      "failures": [],
      "pending": [],
      "skipped": [],
      "duration": 0,
      "root": true,
      "rootEmpty": true,
      "_timeout": 2000
    },
    {
      "uuid": "7b72db47-43b9-4ff7-93bf-b6d0a3ebbb64",
      "title": "",
      "fullFile": "cypress/e2e/upload-file.js",
      "file": "cypress/e2e/upload-file.js",
      "beforeHooks": [],
      "afterHooks": [],
      "tests": [],
      "suites": [
        {
          "uuid": "031210a8-505b-4611-8c26-fc2f376d0318",
          "title": "Testing File Upload",
          "fullFile": "",
          "file": "",
          "beforeHooks": [],
          "afterHooks": [],
          "tests": [
            {
              "title": "Upload File",
              "fullTitle": "Testing File Upload Upload File",
              "timedOut": null,
              "duration": 1873,
              "state": "passed",
              "speed": "fast",
              "pass": true,
              "fail": false,
              "pending": false,
              "context": null,
              "code": "cy.visit(\"/upload-download\");\ncy.get('input[type=\"file\"]').attachFile(\"Aleksoski Filip - CV.docx.pdf\");\ncy.get(\"#uploadedFilePath\").should(\"include.text\", \"Aleksoski Filip - CV.docx.pdf\");",
              "err": {},
              "uuid": "283a54ca-e955-4697-871f-1ffae5102acd",
              "parentUUID": "031210a8-505b-4611-8c26-fc2f376d0318",
              "isHook": false,
              "skipped": false
            }
          ],
          "suites": [],
          "passes": [
            "283a54ca-e955-4697-871f-1ffae5102acd"
          ],
          "failures": [],
          "pending": [],
          "skipped": [],
          "duration": 1873,
          "root": false,
          "rootEmpty": false,
          "_timeout": 2000
        }
      ],
      "passes": [],
      "failures": [],
      "pending": [],
      "skipped": [],
      "duration": 0,
      "root": true,
      "rootEmpty": true,
      "_timeout": 2000
    }
  ],
  "meta": {
    "mocha": {
      "version": "7.0.1"
    },
    "mochawesome": {
      "options": {
        "quiet": false,
        "reportFilename": "mochawesome",
        "saveHtml": false,
        "saveJson": true,
        "consoleReporter": "spec",
        "useInlineDiffs": false,
        "code": true
      },
      "version": "7.1.3"
    },
    "marge": {
      "options": {
        "id": "default",
        "reportDir": "cypress/results/mochawesome",
        "quite": true,
        "overwrite": false,
        "html": false,
        "json": true
      },
      "version": "6.2.0"
    }
  }
}