{
  "stats": {
    "suites": 1,
    "tests": 1,
    "passes": 1,
    "pending": 0,
    "failures": 0,
    "start": "2024-12-19T04:00:19.329Z",
    "end": "2024-12-19T04:00:22.910Z",
    "duration": 3581,
    "testsRegistered": 1,
    "passPercent": 100,
    "pendingPercent": 0,
    "other": 0,
    "hasOther": false,
    "skipped": 0,
    "hasSkipped": false
  },
  "results": [
    {
      "uuid": "9707dfb1-3fdf-4e85-be69-75a1851ae11c",
      "title": "",
      "fullFile": "cypress/e2e/change-slider-value.js",
      "file": "cypress/e2e/change-slider-value.js",
      "beforeHooks": [],
      "afterHooks": [],
      "tests": [],
      "suites": [
        {
          "uuid": "b9e0690b-c4b4-4dac-9e66-b7aa406e8dff",
          "title": "Testing slider value changed",
          "fullFile": "",
          "file": "",
          "beforeHooks": [],
          "afterHooks": [],
          "tests": [
            {
              "title": "Slider value",
              "fullTitle": "Testing slider value changed Slider value",
              "timedOut": null,
              "duration": 3459,
              "state": "passed",
              "speed": "fast",
              "pass": true,
              "fail": false,
              "pending": false,
              "context": null,
              "code": "cy.visit(\"/slider\");\ncy.get('input[type=\"range\"]').then($el => $el[0].stepUp(40)).trigger(\"change\");\ncy.get(\"#sliderValue\").should(\"have.value\", 65);",
              "err": {},
              "uuid": "843d4b29-037e-418d-84f0-083d60d6a257",
              "parentUUID": "b9e0690b-c4b4-4dac-9e66-b7aa406e8dff",
              "isHook": false,
              "skipped": false
            }
          ],
          "suites": [],
          "passes": [
            "843d4b29-037e-418d-84f0-083d60d6a257"
          ],
          "failures": [],
          "pending": [],
          "skipped": [],
          "duration": 3459,
          "root": false,
          "rootEmpty": false,
          "_timeout": 2000
        }
      ],
      "passes": [],
      "failures": [],
      "pending": [],
      "skipped": [],
      "duration": 0,
      "root": true,
      "rootEmpty": true,
      "_timeout": 2000
    }
  ],
  "meta": {
    "mocha": {
      "version": "7.0.1"
    },
    "mochawesome": {
      "options": {
        "quiet": false,
        "reportFilename": "mochawesome",
        "saveHtml": false,
        "saveJson": true,
        "consoleReporter": "spec",
        "useInlineDiffs": false,
        "code": true
      },
      "version": "7.1.3"
    },
    "marge": {
      "options": {
        "id": "default",
        "reportDir": "cypress/results/mochawesome",
        "quite": true,
        "overwrite": false,
        "html": false,
        "json": true
      },
      "version": "6.2.0"
    }
  }
}