{
  "stats": {
    "suites": 1,
    "tests": 1,
    "passes": 1,
    "pending": 0,
    "failures": 0,
    "start": "2024-12-19T04:00:11.283Z",
    "end": "2024-12-19T04:00:17.332Z",
    "duration": 6049,
    "testsRegistered": 1,
    "passPercent": 100,
    "pendingPercent": 0,
    "other": 0,
    "hasOther": false,
    "skipped": 0,
    "hasSkipped": false
  },
  "results": [
    {
      "uuid": "4d80e45a-7f85-42c2-9b16-766fca638873",
      "title": "",
      "fullFile": "cypress/e2e/alert-confirm-box.js",
      "file": "cypress/e2e/alert-confirm-box.js",
      "beforeHooks": [],
      "afterHooks": [],
      "tests": [],
      "suites": [
        {
          "uuid": "f78bb43f-7d82-4aa8-a08d-5ab1939045af",
          "title": "Testing allert - confirm box",
          "fullFile": "",
          "file": "",
          "beforeHooks": [],
          "afterHooks": [],
          "tests": [
            {
              "title": "Alert - Confirm box",
              "fullTitle": "Testing allert - confirm box Alert - Confirm box",
              "timedOut": null,
              "duration": 5921,
              "state": "passed",
              "speed": "medium",
              "pass": true,
              "fail": false,
              "pending": false,
              "context": null,
              "code": "cy.visit(\"/alerts\");\ncy.get(\"#confirmButton\").click();\ncy.on(\"window:alert\", str => {\n  return true;\n});\ncy.get(\"#confirmResult\").should(\"include.text\", \"You selected Ok\");",
              "err": {},
              "uuid": "b80b4fd1-531d-4d85-9712-0fefaaf89cbc",
              "parentUUID": "f78bb43f-7d82-4aa8-a08d-5ab1939045af",
              "isHook": false,
              "skipped": false
            }
          ],
          "suites": [],
          "passes": [
            "b80b4fd1-531d-4d85-9712-0fefaaf89cbc"
          ],
          "failures": [],
          "pending": [],
          "skipped": [],
          "duration": 5921,
          "root": false,
          "rootEmpty": false,
          "_timeout": 2000
        }
      ],
      "passes": [],
      "failures": [],
      "pending": [],
      "skipped": [],
      "duration": 0,
      "root": true,
      "rootEmpty": true,
      "_timeout": 2000
    }
  ],
  "meta": {
    "mocha": {
      "version": "7.0.1"
    },
    "mochawesome": {
      "options": {
        "quiet": false,
        "reportFilename": "mochawesome",
        "saveHtml": false,
        "saveJson": true,
        "consoleReporter": "spec",
        "useInlineDiffs": false,
        "code": true
      },
      "version": "7.1.3"
    },
    "marge": {
      "options": {
        "id": "default",
        "reportDir": "cypress/results/mochawesome",
        "quite": true,
        "overwrite": false,
        "html": false,
        "json": true
      },
      "version": "6.2.0"
    }
  }
}