{
  "stats": {
    "suites": 1,
    "tests": 1,
    "passes": 1,
    "pending": 0,
    "failures": 0,
    "start": "2024-12-19T04:00:44.850Z",
    "end": "2024-12-19T04:00:46.807Z",
    "duration": 1957,
    "testsRegistered": 1,
    "passPercent": 100,
    "pendingPercent": 0,
    "other": 0,
    "hasOther": false,
    "skipped": 0,
    "hasSkipped": false
  },
  "results": [
    {
      "uuid": "7b72db47-43b9-4ff7-93bf-b6d0a3ebbb64",
      "title": "",
      "fullFile": "cypress/e2e/upload-file.js",
      "file": "cypress/e2e/upload-file.js",
      "beforeHooks": [],
      "afterHooks": [],
      "tests": [],
      "suites": [
        {
          "uuid": "031210a8-505b-4611-8c26-fc2f376d0318",
          "title": "Testing File Upload",
          "fullFile": "",
          "file": "",
          "beforeHooks": [],
          "afterHooks": [],
          "tests": [
            {
              "title": "Upload File",
              "fullTitle": "Testing File Upload Upload File",
              "timedOut": null,
              "duration": 1873,
              "state": "passed",
              "speed": "fast",
              "pass": true,
              "fail": false,
              "pending": false,
              "context": null,
              "code": "cy.visit(\"/upload-download\");\ncy.get('input[type=\"file\"]').attachFile(\"Aleksoski Filip - CV.docx.pdf\");\ncy.get(\"#uploadedFilePath\").should(\"include.text\", \"Aleksoski Filip - CV.docx.pdf\");",
              "err": {},
              "uuid": "283a54ca-e955-4697-871f-1ffae5102acd",
              "parentUUID": "031210a8-505b-4611-8c26-fc2f376d0318",
              "isHook": false,
              "skipped": false
            }
          ],
          "suites": [],
          "passes": [
            "283a54ca-e955-4697-871f-1ffae5102acd"
          ],
          "failures": [],
          "pending": [],
          "skipped": [],
          "duration": 1873,
          "root": false,
          "rootEmpty": false,
          "_timeout": 2000
        }
      ],
      "passes": [],
      "failures": [],
      "pending": [],
      "skipped": [],
      "duration": 0,
      "root": true,
      "rootEmpty": true,
      "_timeout": 2000
    }
  ],
  "meta": {
    "mocha": {
      "version": "7.0.1"
    },
    "mochawesome": {
      "options": {
        "quiet": false,
        "reportFilename": "mochawesome",
        "saveHtml": false,
        "saveJson": true,
        "consoleReporter": "spec",
        "useInlineDiffs": false,
        "code": true
      },
      "version": "7.1.3"
    },
    "marge": {
      "options": {
        "id": "default",
        "reportDir": "cypress/results/mochawesome",
        "quite": true,
        "overwrite": false,
        "html": false,
        "json": true
      },
      "version": "6.2.0"
    }
  }
}