{
  "stats": {
    "suites": 1,
    "tests": 1,
    "passes": 1,
    "pending": 0,
    "failures": 0,
    "start": "2024-12-19T04:00:24.642Z",
    "end": "2024-12-19T04:00:29.399Z",
    "duration": 4757,
    "testsRegistered": 1,
    "passPercent": 100,
    "pendingPercent": 0,
    "other": 0,
    "hasOther": false,
    "skipped": 0,
    "hasSkipped": false
  },
  "results": [
    {
      "uuid": "bc1ba282-22b3-4367-9244-e823badcd9a4",
      "title": "",
      "fullFile": "cypress/e2e/check-box.js",
      "file": "cypress/e2e/check-box.js",
      "beforeHooks": [],
      "afterHooks": [],
      "tests": [],
      "suites": [
        {
          "uuid": "1a630b84-4bf3-4fe0-9fc0-15f196f7f3ca",
          "title": "Testing Check Box",
          "fullFile": "",
          "file": "",
          "beforeHooks": [],
          "afterHooks": [],
          "tests": [
            {
              "title": "Check Box ",
              "fullTitle": "Testing Check Box Check Box ",
              "timedOut": null,
              "duration": 4654,
              "state": "passed",
              "speed": "fast",
              "pass": true,
              "fail": false,
              "pending": false,
              "context": null,
              "code": "cy.visit(\"/checkbox\");\ncy.get('[title=\"Expand all\"]').click();\ncy.get('input[type=\"checkbox\"]').eq(11).check({\n  force: true\n}).should(\"be.checked\");",
              "err": {},
              "uuid": "c0e8a76f-21ff-44e3-986c-55cb2b3bc2b1",
              "parentUUID": "1a630b84-4bf3-4fe0-9fc0-15f196f7f3ca",
              "isHook": false,
              "skipped": false
            }
          ],
          "suites": [],
          "passes": [
            "c0e8a76f-21ff-44e3-986c-55cb2b3bc2b1"
          ],
          "failures": [],
          "pending": [],
          "skipped": [],
          "duration": 4654,
          "root": false,
          "rootEmpty": false,
          "_timeout": 2000
        }
      ],
      "passes": [],
      "failures": [],
      "pending": [],
      "skipped": [],
      "duration": 0,
      "root": true,
      "rootEmpty": true,
      "_timeout": 2000
    }
  ],
  "meta": {
    "mocha": {
      "version": "7.0.1"
    },
    "mochawesome": {
      "options": {
        "quiet": false,
        "reportFilename": "mochawesome",
        "saveHtml": false,
        "saveJson": true,
        "consoleReporter": "spec",
        "useInlineDiffs": false,
        "code": true
      },
      "version": "7.1.3"
    },
    "marge": {
      "options": {
        "id": "default",
        "reportDir": "cypress/results/mochawesome",
        "quite": true,
        "overwrite": false,
        "html": false,
        "json": true
      },
      "version": "6.2.0"
    }
  }
}