{
  "stats": {
    "suites": 1,
    "tests": 1,
    "passes": 1,
    "pending": 0,
    "failures": 0,
    "start": "2024-12-19T04:00:31.098Z",
    "end": "2024-12-19T04:00:34.990Z",
    "duration": 3892,
    "testsRegistered": 1,
    "passPercent": 100,
    "pendingPercent": 0,
    "other": 0,
    "hasOther": false,
    "skipped": 0,
    "hasSkipped": false
  },
  "results": [
    {
      "uuid": "31f0d300-cf03-4706-b9f3-a0f0c569fe88",
      "title": "",
      "fullFile": "cypress/e2e/radio-button.js",
      "file": "cypress/e2e/radio-button.js",
      "beforeHooks": [],
      "afterHooks": [],
      "tests": [],
      "suites": [
        {
          "uuid": "d741109f-301c-4bdb-b07e-fac0696b633f",
          "title": "Testing Radio button",
          "fullFile": "",
          "file": "",
          "beforeHooks": [],
          "afterHooks": [],
          "tests": [
            {
              "title": "Radio button",
              "fullTitle": "Testing Radio button Radio button",
              "timedOut": null,
              "duration": 3789,
              "state": "passed",
              "speed": "fast",
              "pass": true,
              "fail": false,
              "pending": false,
              "context": null,
              "code": "cy.visit(\"/radio-button\");\ncy.get('input[type=\"radio\"]').eq(1).check({\n  force: true\n}).should(\"be.checked\");",
              "err": {},
              "uuid": "27560027-41cd-40e6-b43a-71575ad4f9ca",
              "parentUUID": "d741109f-301c-4bdb-b07e-fac0696b633f",
              "isHook": false,
              "skipped": false
            }
          ],
          "suites": [],
          "passes": [
            "27560027-41cd-40e6-b43a-71575ad4f9ca"
          ],
          "failures": [],
          "pending": [],
          "skipped": [],
          "duration": 3789,
          "root": false,
          "rootEmpty": false,
          "_timeout": 2000
        }
      ],
      "passes": [],
      "failures": [],
      "pending": [],
      "skipped": [],
      "duration": 0,
      "root": true,
      "rootEmpty": true,
      "_timeout": 2000
    }
  ],
  "meta": {
    "mocha": {
      "version": "7.0.1"
    },
    "mochawesome": {
      "options": {
        "quiet": false,
        "reportFilename": "mochawesome",
        "saveHtml": false,
        "saveJson": true,
        "consoleReporter": "spec",
        "useInlineDiffs": false,
        "code": true
      },
      "version": "7.1.3"
    },
    "marge": {
      "options": {
        "id": "default",
        "reportDir": "cypress/results/mochawesome",
        "quite": true,
        "overwrite": false,
        "html": false,
        "json": true
      },
      "version": "6.2.0"
    }
  }
}